[2022-02-06 09:27:51,775] {dag_processing.py:821} INFO - Processing files using up to 2 processes at a time 
[2022-02-06 09:27:51,775] {dag_processing.py:822} INFO - Process each file at most once every 0 seconds
[2022-02-06 09:27:51,775] {dag_processing.py:824} INFO - Checking for new files in /usr/local/airflow/dags every 300 seconds
[2022-02-06 09:27:51,776] {dag_processing.py:1292} INFO - Finding 'running' jobs without a recent heartbeat
[2022-02-06 09:27:51,776] {dag_processing.py:1296} INFO - Failing jobs without heartbeat after 2022-02-06 09:22:51.776641+00:00
[2022-02-06 09:27:51,790] {dag_processing.py:1029} INFO - 
================================================================================
DAG File Processing Stats

File Path                               PID  Runtime      # DAGs    # Errors  Last Runtime    Last Run
------------------------------------  -----  ---------  --------  ----------  --------------  ----------
/usr/local/airflow/dags/covid_dag.py    194  0.00s             0           0
================================================================================
[2022-02-06 09:28:01,820] {dag_processing.py:1292} INFO - Finding 'running' jobs without a recent heartbeat
[2022-02-06 09:28:01,820] {dag_processing.py:1296} INFO - Failing jobs without heartbeat after 2022-02-06 09:23:01.820611+00:00
[2022-02-06 09:28:11,869] {dag_processing.py:1292} INFO - Finding 'running' jobs without a recent heartbeat
[2022-02-06 09:28:11,869] {dag_processing.py:1296} INFO - Failing jobs without heartbeat after 2022-02-06 09:23:11.869533+00:00
[2022-02-06 09:28:21,914] {dag_processing.py:1292} INFO - Finding 'running' jobs without a recent heartbeat
[2022-02-06 09:28:21,915] {dag_processing.py:1296} INFO - Failing jobs without heartbeat after 2022-02-06 09:23:21.915003+00:00
[2022-02-06 09:28:21,921] {dag_processing.py:1029} INFO - 
================================================================================
DAG File Processing Stats

File Path                               PID  Runtime      # DAGs    # Errors  Last Runtime    Last Run
------------------------------------  -----  ---------  --------  ----------  --------------  -------------------
/usr/local/airflow/dags/covid_dag.py    401  0.00s             0           1  1.01s           2022-02-06T09:28:21
================================================================================
[2022-02-06 09:28:31,962] {dag_processing.py:1292} INFO - Finding 'running' jobs without a recent heartbeat
[2022-02-06 09:28:31,963] {dag_processing.py:1296} INFO - Failing jobs without heartbeat after 2022-02-06 09:23:31.963071+00:00
[2022-02-06 09:28:42,007] {dag_processing.py:1292} INFO - Finding 'running' jobs without a recent heartbeat
[2022-02-06 09:28:42,008] {dag_processing.py:1296} INFO - Failing jobs without heartbeat after 2022-02-06 09:23:42.008236+00:00
[2022-02-06 09:28:52,052] {dag_processing.py:1292} INFO - Finding 'running' jobs without a recent heartbeat
[2022-02-06 09:28:52,053] {dag_processing.py:1296} INFO - Failing jobs without heartbeat after 2022-02-06 09:23:52.053410+00:00
[2022-02-06 09:28:52,060] {dag_processing.py:1029} INFO - 
================================================================================
DAG File Processing Stats

File Path                               PID  Runtime      # DAGs    # Errors  Last Runtime    Last Run
------------------------------------  -----  ---------  --------  ----------  --------------  -------------------
/usr/local/airflow/dags/covid_dag.py    569  0.00s             0           1  1.01s           2022-02-06T09:28:52
================================================================================
[2022-02-06 09:29:02,100] {dag_processing.py:1292} INFO - Finding 'running' jobs without a recent heartbeat
[2022-02-06 09:29:02,100] {dag_processing.py:1296} INFO - Failing jobs without heartbeat after 2022-02-06 09:24:02.100571+00:00
[2022-02-06 09:29:12,147] {dag_processing.py:1292} INFO - Finding 'running' jobs without a recent heartbeat
[2022-02-06 09:29:12,148] {dag_processing.py:1296} INFO - Failing jobs without heartbeat after 2022-02-06 09:24:12.148183+00:00
